<?xml version="1.0" encoding="UTF-8"?>
<testng-results skipped="3" failed="1" total="15" passed="11">
  <reporter-output>
    <line>
      <![CDATA[login successfully]]>
    </line>
  </reporter-output>
  <suite name="DataDriverFramework" duration-ms="7227" started-at="2020-01-27T18:11:39Z" finished-at="2020-01-27T18:11:47Z">
    <groups>
    </groups>
    <test name="BankManagerLogin" duration-ms="478" started-at="2020-01-27T18:11:39Z" finished-at="2020-01-27T18:11:40Z">
      <class name="com.rajat.Testcases.BankManagerLoginTest">
        <test-method status="PASS" signature="beforeClass()[pri:0, instance:com.rajat.Testcases.BankManagerLoginTest@4f83df68]" name="beforeClass" is-config="true" duration-ms="8" started-at="2020-01-27T23:41:39Z" finished-at="2020-01-27T23:41:39Z">
          <reporter-output>
          </reporter-output>
        </test-method> <!-- beforeClass -->
        <test-method status="PASS" signature="beforeMethod(java.lang.reflect.Method)[pri:0, instance:com.rajat.Testcases.BankManagerLoginTest@4f83df68]" name="beforeMethod" is-config="true" duration-ms="15" started-at="2020-01-27T23:41:39Z" finished-at="2020-01-27T23:41:39Z">
          <params>
            <param index="0">
              <value>
                <![CDATA[public void com.rajat.Testcases.BankManagerLoginTest.bankManagerLoginTest() throws java.lang.InterruptedException,java.io.IOException]]>
              </value>
            </param>
          </params>
          <reporter-output>
          </reporter-output>
        </test-method> <!-- beforeMethod -->
        <test-method status="FAIL" signature="bankManagerLoginTest()[pri:0, instance:com.rajat.Testcases.BankManagerLoginTest@4f83df68]" name="bankManagerLoginTest" duration-ms="199" started-at="2020-01-27T23:41:39Z" finished-at="2020-01-27T23:41:40Z">
          <exception class="java.lang.AssertionError">
            <message>
              <![CDATA[null]]>
            </message>
            <full-stacktrace>
              <![CDATA[java.lang.AssertionError: null
	at org.testng.Assert.fail(Assert.java:94)
	at org.testng.Assert.fail(Assert.java:101)
	at com.rajat.Testcases.BankManagerLoginTest.bankManagerLoginTest(BankManagerLoginTest.java:28)
	at sun.reflect.NativeMethodAccessorImpl.invoke0(Native Method)
	at sun.reflect.NativeMethodAccessorImpl.invoke(NativeMethodAccessorImpl.java:62)
	at sun.reflect.DelegatingMethodAccessorImpl.invoke(DelegatingMethodAccessorImpl.java:43)
	at java.lang.reflect.Method.invoke(Method.java:498)
	at org.testng.internal.MethodInvocationHelper.invokeMethod(MethodInvocationHelper.java:84)
	at org.testng.internal.Invoker.invokeMethod(Invoker.java:714)
	at org.testng.internal.Invoker.invokeTestMethod(Invoker.java:901)
	at org.testng.internal.Invoker.invokeTestMethods(Invoker.java:1231)
	at org.testng.internal.TestMethodWorker.invokeTestMethods(TestMethodWorker.java:127)
	at org.testng.internal.TestMethodWorker.run(TestMethodWorker.java:111)
	at org.testng.TestRunner.privateRun(TestRunner.java:767)
	at org.testng.TestRunner.run(TestRunner.java:617)
	at org.testng.SuiteRunner.runTest(SuiteRunner.java:334)
	at org.testng.SuiteRunner.runSequentially(SuiteRunner.java:329)
	at org.testng.SuiteRunner.privateRun(SuiteRunner.java:291)
	at org.testng.SuiteRunner.run(SuiteRunner.java:240)
	at org.testng.SuiteRunnerWorker.runSuite(SuiteRunnerWorker.java:52)
	at org.testng.SuiteRunnerWorker.run(SuiteRunnerWorker.java:86)
	at org.testng.TestNG.runSuitesSequentially(TestNG.java:1224)
	at org.testng.TestNG.runSuitesLocally(TestNG.java:1149)
	at org.testng.TestNG.run(TestNG.java:1057)
	at org.apache.maven.surefire.testng.TestNGExecutor.run(TestNGExecutor.java:283)
	at org.apache.maven.surefire.testng.TestNGXmlTestSuite.execute(TestNGXmlTestSuite.java:75)
	at org.apache.maven.surefire.testng.TestNGProvider.invoke(TestNGProvider.java:120)
	at org.apache.maven.surefire.booter.ForkedBooter.invokeProviderInSameClassLoader(ForkedBooter.java:384)
	at org.apache.maven.surefire.booter.ForkedBooter.runSuitesInProcess(ForkedBooter.java:345)
	at org.apache.maven.surefire.booter.ForkedBooter.execute(ForkedBooter.java:126)
	at org.apache.maven.surefire.booter.ForkedBooter.main(ForkedBooter.java:418)
]]>
            </full-stacktrace>
          </exception> <!-- java.lang.AssertionError -->
          <reporter-output>
            <line>
              <![CDATA[login successfully]]>
            </line>
          </reporter-output>
        </test-method> <!-- bankManagerLoginTest -->
        <test-method status="PASS" signature="beforeMethod(java.lang.reflect.Method)[pri:0, instance:com.rajat.Testcases.BankManagerLoginTest@4f83df68]" name="beforeMethod" is-config="true" duration-ms="1" started-at="2020-01-27T23:41:40Z" finished-at="2020-01-27T23:41:40Z">
          <params>
            <param index="0">
              <value>
                <![CDATA[public void com.rajat.Testcases.BankManagerLoginTest.bankManagerLoginTestt() throws java.lang.InterruptedException]]>
              </value>
            </param>
          </params>
          <reporter-output>
          </reporter-output>
        </test-method> <!-- beforeMethod -->
        <test-method status="SKIP" signature="bankManagerLoginTestt()[pri:0, instance:com.rajat.Testcases.BankManagerLoginTest@4f83df68]" name="bankManagerLoginTestt" duration-ms="3" started-at="2020-01-27T23:41:40Z" finished-at="2020-01-27T23:41:40Z">
          <exception class="org.testng.SkipException">
            <message>
              <![CDATA[Runmode is NO]]>
            </message>
            <full-stacktrace>
              <![CDATA[org.testng.SkipException: Runmode is NO
	at com.rajat.listners.CustomListeners.onTestStart(CustomListeners.java:105)
	at org.testng.internal.Invoker.runTestListeners(Invoker.java:1904)
	at org.testng.internal.Invoker.runTestListeners(Invoker.java:1879)
	at org.testng.internal.Invoker.invokeMethod(Invoker.java:685)
	at org.testng.internal.Invoker.invokeTestMethod(Invoker.java:901)
	at org.testng.internal.Invoker.invokeTestMethods(Invoker.java:1231)
	at org.testng.internal.TestMethodWorker.invokeTestMethods(TestMethodWorker.java:127)
	at org.testng.internal.TestMethodWorker.run(TestMethodWorker.java:111)
	at org.testng.TestRunner.privateRun(TestRunner.java:767)
	at org.testng.TestRunner.run(TestRunner.java:617)
	at org.testng.SuiteRunner.runTest(SuiteRunner.java:334)
	at org.testng.SuiteRunner.runSequentially(SuiteRunner.java:329)
	at org.testng.SuiteRunner.privateRun(SuiteRunner.java:291)
	at org.testng.SuiteRunner.run(SuiteRunner.java:240)
	at org.testng.SuiteRunnerWorker.runSuite(SuiteRunnerWorker.java:52)
	at org.testng.SuiteRunnerWorker.run(SuiteRunnerWorker.java:86)
	at org.testng.TestNG.runSuitesSequentially(TestNG.java:1224)
	at org.testng.TestNG.runSuitesLocally(TestNG.java:1149)
	at org.testng.TestNG.run(TestNG.java:1057)
	at org.apache.maven.surefire.testng.TestNGExecutor.run(TestNGExecutor.java:283)
	at org.apache.maven.surefire.testng.TestNGXmlTestSuite.execute(TestNGXmlTestSuite.java:75)
	at org.apache.maven.surefire.testng.TestNGProvider.invoke(TestNGProvider.java:120)
	at org.apache.maven.surefire.booter.ForkedBooter.invokeProviderInSameClassLoader(ForkedBooter.java:384)
	at org.apache.maven.surefire.booter.ForkedBooter.runSuitesInProcess(ForkedBooter.java:345)
	at org.apache.maven.surefire.booter.ForkedBooter.execute(ForkedBooter.java:126)
	at org.apache.maven.surefire.booter.ForkedBooter.main(ForkedBooter.java:418)
]]>
            </full-stacktrace>
          </exception> <!-- org.testng.SkipException -->
          <reporter-output>
          </reporter-output>
        </test-method> <!-- bankManagerLoginTestt -->
      </class> <!-- com.rajat.Testcases.BankManagerLoginTest -->
    </test> <!-- BankManagerLogin -->
    <test name="AddCustomer" duration-ms="2092" started-at="2020-01-27T18:11:40Z" finished-at="2020-01-27T18:11:42Z">
      <class name="com.rajat.Testcases.AddCustomerTest">
        <test-method status="PASS" signature="beforeClass()[pri:0, instance:com.rajat.Testcases.AddCustomerTest@692f203f]" name="beforeClass" is-config="true" duration-ms="0" started-at="2020-01-27T23:41:40Z" finished-at="2020-01-27T23:41:40Z">
          <reporter-output>
          </reporter-output>
        </test-method> <!-- beforeClass -->
        <test-method status="PASS" signature="addCustomerTest(java.lang.String, java.lang.String, java.lang.String, java.lang.String, java.lang.String)[pri:0, instance:com.rajat.Testcases.AddCustomerTest@692f203f]" name="addCustomerTest" duration-ms="524" started-at="2020-01-27T23:41:40Z" data-provider="dp" finished-at="2020-01-27T23:41:41Z">
          <params>
            <param index="0">
              <value>
                <![CDATA[tt]]>
              </value>
            </param>
            <param index="1">
              <value>
                <![CDATA[gupta]]>
              </value>
            </param>
            <param index="2">
              <value>
                <![CDATA[201301.0]]>
              </value>
            </param>
            <param index="3">
              <value>
                <![CDATA[Customer added successfully]]>
              </value>
            </param>
            <param index="4">
              <value>
                <![CDATA[Y]]>
              </value>
            </param>
          </params>
          <reporter-output>
          </reporter-output>
        </test-method> <!-- addCustomerTest -->
        <test-method status="PASS" signature="beforeMethod(java.lang.reflect.Method)[pri:0, instance:com.rajat.Testcases.AddCustomerTest@692f203f]" name="beforeMethod" is-config="true" duration-ms="0" started-at="2020-01-27T23:41:40Z" finished-at="2020-01-27T23:41:40Z">
          <params>
            <param index="0">
              <value>
                <![CDATA[public void com.rajat.Testcases.AddCustomerTest.addCustomerTest(java.lang.String,java.lang.String,java.lang.String,java.lang.String,java.lang.String)]]>
              </value>
            </param>
          </params>
          <reporter-output>
          </reporter-output>
        </test-method> <!-- beforeMethod -->
        <test-method status="PASS" signature="beforeMethod(java.lang.reflect.Method)[pri:0, instance:com.rajat.Testcases.AddCustomerTest@692f203f]" name="beforeMethod" is-config="true" duration-ms="1" started-at="2020-01-27T23:41:41Z" finished-at="2020-01-27T23:41:41Z">
          <params>
            <param index="0">
              <value>
                <![CDATA[public void com.rajat.Testcases.AddCustomerTest.addCustomerTest(java.lang.String,java.lang.String,java.lang.String,java.lang.String,java.lang.String)]]>
              </value>
            </param>
          </params>
          <reporter-output>
          </reporter-output>
        </test-method> <!-- beforeMethod -->
        <test-method status="PASS" signature="addCustomerTest(java.lang.String, java.lang.String, java.lang.String, java.lang.String, java.lang.String)[pri:0, instance:com.rajat.Testcases.AddCustomerTest@692f203f]" name="addCustomerTest" duration-ms="514" started-at="2020-01-27T23:41:41Z" data-provider="dp" finished-at="2020-01-27T23:41:41Z">
          <params>
            <param index="0">
              <value>
                <![CDATA[ww]]>
              </value>
            </param>
            <param index="1">
              <value>
                <![CDATA[gupta]]>
              </value>
            </param>
            <param index="2">
              <value>
                <![CDATA[201302.0]]>
              </value>
            </param>
            <param index="3">
              <value>
                <![CDATA[Customer added successfully]]>
              </value>
            </param>
            <param index="4">
              <value>
                <![CDATA[Y]]>
              </value>
            </param>
          </params>
          <reporter-output>
          </reporter-output>
        </test-method> <!-- addCustomerTest -->
        <test-method status="PASS" signature="beforeMethod(java.lang.reflect.Method)[pri:0, instance:com.rajat.Testcases.AddCustomerTest@692f203f]" name="beforeMethod" is-config="true" duration-ms="1" started-at="2020-01-27T23:41:41Z" finished-at="2020-01-27T23:41:41Z">
          <params>
            <param index="0">
              <value>
                <![CDATA[public void com.rajat.Testcases.AddCustomerTest.addCustomerTest(java.lang.String,java.lang.String,java.lang.String,java.lang.String,java.lang.String)]]>
              </value>
            </param>
          </params>
          <reporter-output>
          </reporter-output>
        </test-method> <!-- beforeMethod -->
        <test-method status="SKIP" signature="addCustomerTest(java.lang.String, java.lang.String, java.lang.String, java.lang.String, java.lang.String)[pri:0, instance:com.rajat.Testcases.AddCustomerTest@692f203f]" name="addCustomerTest" duration-ms="0" started-at="2020-01-27T23:41:41Z" data-provider="dp" finished-at="2020-01-27T23:41:41Z">
          <params>
            <param index="0">
              <value>
                <![CDATA[qq]]>
              </value>
            </param>
            <param index="1">
              <value>
                <![CDATA[gupta]]>
              </value>
            </param>
            <param index="2">
              <value>
                <![CDATA[201303.0]]>
              </value>
            </param>
            <param index="3">
              <value>
                <![CDATA[Customer added successfully]]>
              </value>
            </param>
            <param index="4">
              <value>
                <![CDATA[N]]>
              </value>
            </param>
          </params>
          <exception class="org.testng.SkipException">
            <message>
              <![CDATA[RunMode for this data provider is Off]]>
            </message>
            <full-stacktrace>
              <![CDATA[org.testng.SkipException: RunMode for this data provider is Off
	at com.rajat.Testcases.AddCustomerTest.addCustomerTest(AddCustomerTest.java:20)
	at sun.reflect.NativeMethodAccessorImpl.invoke0(Native Method)
	at sun.reflect.NativeMethodAccessorImpl.invoke(NativeMethodAccessorImpl.java:62)
	at sun.reflect.DelegatingMethodAccessorImpl.invoke(DelegatingMethodAccessorImpl.java:43)
	at java.lang.reflect.Method.invoke(Method.java:498)
	at org.testng.internal.MethodInvocationHelper.invokeMethod(MethodInvocationHelper.java:84)
	at org.testng.internal.Invoker.invokeMethod(Invoker.java:714)
	at org.testng.internal.Invoker.invokeTestMethod(Invoker.java:901)
	at org.testng.internal.Invoker.invokeTestMethods(Invoker.java:1231)
	at org.testng.internal.TestMethodWorker.invokeTestMethods(TestMethodWorker.java:127)
	at org.testng.internal.TestMethodWorker.run(TestMethodWorker.java:111)
	at org.testng.TestRunner.privateRun(TestRunner.java:767)
	at org.testng.TestRunner.run(TestRunner.java:617)
	at org.testng.SuiteRunner.runTest(SuiteRunner.java:334)
	at org.testng.SuiteRunner.runSequentially(SuiteRunner.java:329)
	at org.testng.SuiteRunner.privateRun(SuiteRunner.java:291)
	at org.testng.SuiteRunner.run(SuiteRunner.java:240)
	at org.testng.SuiteRunnerWorker.runSuite(SuiteRunnerWorker.java:52)
	at org.testng.SuiteRunnerWorker.run(SuiteRunnerWorker.java:86)
	at org.testng.TestNG.runSuitesSequentially(TestNG.java:1224)
	at org.testng.TestNG.runSuitesLocally(TestNG.java:1149)
	at org.testng.TestNG.run(TestNG.java:1057)
	at org.apache.maven.surefire.testng.TestNGExecutor.run(TestNGExecutor.java:283)
	at org.apache.maven.surefire.testng.TestNGXmlTestSuite.execute(TestNGXmlTestSuite.java:75)
	at org.apache.maven.surefire.testng.TestNGProvider.invoke(TestNGProvider.java:120)
	at org.apache.maven.surefire.booter.ForkedBooter.invokeProviderInSameClassLoader(ForkedBooter.java:384)
	at org.apache.maven.surefire.booter.ForkedBooter.runSuitesInProcess(ForkedBooter.java:345)
	at org.apache.maven.surefire.booter.ForkedBooter.execute(ForkedBooter.java:126)
	at org.apache.maven.surefire.booter.ForkedBooter.main(ForkedBooter.java:418)
]]>
            </full-stacktrace>
          </exception> <!-- org.testng.SkipException -->
          <reporter-output>
          </reporter-output>
        </test-method> <!-- addCustomerTest -->
        <test-method status="PASS" signature="beforeMethod(java.lang.reflect.Method)[pri:0, instance:com.rajat.Testcases.AddCustomerTest@692f203f]" name="beforeMethod" is-config="true" duration-ms="0" started-at="2020-01-27T23:41:41Z" finished-at="2020-01-27T23:41:41Z">
          <params>
            <param index="0">
              <value>
                <![CDATA[public void com.rajat.Testcases.AddCustomerTest.addCustomerTest(java.lang.String,java.lang.String,java.lang.String,java.lang.String,java.lang.String)]]>
              </value>
            </param>
          </params>
          <reporter-output>
          </reporter-output>
        </test-method> <!-- beforeMethod -->
        <test-method status="SKIP" signature="addCustomerTest(java.lang.String, java.lang.String, java.lang.String, java.lang.String, java.lang.String)[pri:0, instance:com.rajat.Testcases.AddCustomerTest@692f203f]" name="addCustomerTest" duration-ms="0" started-at="2020-01-27T23:41:41Z" data-provider="dp" finished-at="2020-01-27T23:41:41Z">
          <params>
            <param index="0">
              <value>
                <![CDATA[tt]]>
              </value>
            </param>
            <param index="1">
              <value>
                <![CDATA[gupta]]>
              </value>
            </param>
            <param index="2">
              <value>
                <![CDATA[201304.0]]>
              </value>
            </param>
            <param index="3">
              <value>
                <![CDATA[Customer added successfully]]>
              </value>
            </param>
            <param index="4">
              <value>
                <![CDATA[N]]>
              </value>
            </param>
          </params>
          <exception class="org.testng.SkipException">
            <message>
              <![CDATA[RunMode for this data provider is Off]]>
            </message>
            <full-stacktrace>
              <![CDATA[org.testng.SkipException: RunMode for this data provider is Off
	at com.rajat.Testcases.AddCustomerTest.addCustomerTest(AddCustomerTest.java:20)
	at sun.reflect.NativeMethodAccessorImpl.invoke0(Native Method)
	at sun.reflect.NativeMethodAccessorImpl.invoke(NativeMethodAccessorImpl.java:62)
	at sun.reflect.DelegatingMethodAccessorImpl.invoke(DelegatingMethodAccessorImpl.java:43)
	at java.lang.reflect.Method.invoke(Method.java:498)
	at org.testng.internal.MethodInvocationHelper.invokeMethod(MethodInvocationHelper.java:84)
	at org.testng.internal.Invoker.invokeMethod(Invoker.java:714)
	at org.testng.internal.Invoker.invokeTestMethod(Invoker.java:901)
	at org.testng.internal.Invoker.invokeTestMethods(Invoker.java:1231)
	at org.testng.internal.TestMethodWorker.invokeTestMethods(TestMethodWorker.java:127)
	at org.testng.internal.TestMethodWorker.run(TestMethodWorker.java:111)
	at org.testng.TestRunner.privateRun(TestRunner.java:767)
	at org.testng.TestRunner.run(TestRunner.java:617)
	at org.testng.SuiteRunner.runTest(SuiteRunner.java:334)
	at org.testng.SuiteRunner.runSequentially(SuiteRunner.java:329)
	at org.testng.SuiteRunner.privateRun(SuiteRunner.java:291)
	at org.testng.SuiteRunner.run(SuiteRunner.java:240)
	at org.testng.SuiteRunnerWorker.runSuite(SuiteRunnerWorker.java:52)
	at org.testng.SuiteRunnerWorker.run(SuiteRunnerWorker.java:86)
	at org.testng.TestNG.runSuitesSequentially(TestNG.java:1224)
	at org.testng.TestNG.runSuitesLocally(TestNG.java:1149)
	at org.testng.TestNG.run(TestNG.java:1057)
	at org.apache.maven.surefire.testng.TestNGExecutor.run(TestNGExecutor.java:283)
	at org.apache.maven.surefire.testng.TestNGXmlTestSuite.execute(TestNGXmlTestSuite.java:75)
	at org.apache.maven.surefire.testng.TestNGProvider.invoke(TestNGProvider.java:120)
	at org.apache.maven.surefire.booter.ForkedBooter.invokeProviderInSameClassLoader(ForkedBooter.java:384)
	at org.apache.maven.surefire.booter.ForkedBooter.runSuitesInProcess(ForkedBooter.java:345)
	at org.apache.maven.surefire.booter.ForkedBooter.execute(ForkedBooter.java:126)
	at org.apache.maven.surefire.booter.ForkedBooter.main(ForkedBooter.java:418)
]]>
            </full-stacktrace>
          </exception> <!-- org.testng.SkipException -->
          <reporter-output>
          </reporter-output>
        </test-method> <!-- addCustomerTest -->
        <test-method status="PASS" signature="beforeMethod(java.lang.reflect.Method)[pri:0, instance:com.rajat.Testcases.AddCustomerTest@692f203f]" name="beforeMethod" is-config="true" duration-ms="0" started-at="2020-01-27T23:41:41Z" finished-at="2020-01-27T23:41:41Z">
          <params>
            <param index="0">
              <value>
                <![CDATA[public void com.rajat.Testcases.AddCustomerTest.addCustomerTest(java.lang.String,java.lang.String,java.lang.String,java.lang.String,java.lang.String)]]>
              </value>
            </param>
          </params>
          <reporter-output>
          </reporter-output>
        </test-method> <!-- beforeMethod -->
        <test-method status="PASS" signature="addCustomerTest(java.lang.String, java.lang.String, java.lang.String, java.lang.String, java.lang.String)[pri:0, instance:com.rajat.Testcases.AddCustomerTest@692f203f]" name="addCustomerTest" duration-ms="459" started-at="2020-01-27T23:41:41Z" data-provider="dp" finished-at="2020-01-27T23:41:41Z">
          <params>
            <param index="0">
              <value>
                <![CDATA[uu]]>
              </value>
            </param>
            <param index="1">
              <value>
                <![CDATA[new]]>
              </value>
            </param>
            <param index="2">
              <value>
                <![CDATA[201304.0]]>
              </value>
            </param>
            <param index="3">
              <value>
                <![CDATA[Customer added successfully]]>
              </value>
            </param>
            <param index="4">
              <value>
                <![CDATA[Y]]>
              </value>
            </param>
          </params>
          <reporter-output>
          </reporter-output>
        </test-method> <!-- addCustomerTest -->
        <test-method status="PASS" signature="beforeMethod(java.lang.reflect.Method)[pri:0, instance:com.rajat.Testcases.AddCustomerTest@692f203f]" name="beforeMethod" is-config="true" duration-ms="1" started-at="2020-01-27T23:41:41Z" finished-at="2020-01-27T23:41:41Z">
          <params>
            <param index="0">
              <value>
                <![CDATA[public void com.rajat.Testcases.AddCustomerTest.addCustomerTest(java.lang.String,java.lang.String,java.lang.String,java.lang.String,java.lang.String)]]>
              </value>
            </param>
          </params>
          <reporter-output>
          </reporter-output>
        </test-method> <!-- beforeMethod -->
        <test-method status="PASS" signature="addCustomerTest(java.lang.String, java.lang.String, java.lang.String, java.lang.String, java.lang.String)[pri:0, instance:com.rajat.Testcases.AddCustomerTest@692f203f]" name="addCustomerTest" duration-ms="549" started-at="2020-01-27T23:41:41Z" data-provider="dp" finished-at="2020-01-27T23:41:42Z">
          <params>
            <param index="0">
              <value>
                <![CDATA[dd]]>
              </value>
            </param>
            <param index="1">
              <value>
                <![CDATA[new]]>
              </value>
            </param>
            <param index="2">
              <value>
                <![CDATA[201304.0]]>
              </value>
            </param>
            <param index="3">
              <value>
                <![CDATA[Customer added successfully]]>
              </value>
            </param>
            <param index="4">
              <value>
                <![CDATA[Y]]>
              </value>
            </param>
          </params>
          <reporter-output>
          </reporter-output>
        </test-method> <!-- addCustomerTest -->
      </class> <!-- com.rajat.Testcases.AddCustomerTest -->
    </test> <!-- AddCustomer -->
    <test name="OpenCustomer" duration-ms="1806" started-at="2020-01-27T18:11:42Z" finished-at="2020-01-27T18:11:44Z">
      <class name="com.rajat.Testcases.OpenAccountTest">
        <test-method status="PASS" signature="beforeClass()[pri:0, instance:com.rajat.Testcases.OpenAccountTest@55182842]" name="beforeClass" is-config="true" duration-ms="0" started-at="2020-01-27T23:41:42Z" finished-at="2020-01-27T23:41:42Z">
          <reporter-output>
          </reporter-output>
        </test-method> <!-- beforeClass -->
        <test-method status="PASS" signature="beforeMethod(java.lang.reflect.Method)[pri:0, instance:com.rajat.Testcases.OpenAccountTest@55182842]" name="beforeMethod" is-config="true" duration-ms="0" started-at="2020-01-27T23:41:42Z" finished-at="2020-01-27T23:41:42Z">
          <params>
            <param index="0">
              <value>
                <![CDATA[public void com.rajat.Testcases.OpenAccountTest.openAccountTest(java.lang.String,java.lang.String)]]>
              </value>
            </param>
          </params>
          <reporter-output>
          </reporter-output>
        </test-method> <!-- beforeMethod -->
        <test-method status="PASS" signature="openAccountTest(java.lang.String, java.lang.String)[pri:0, instance:com.rajat.Testcases.OpenAccountTest@55182842]" name="openAccountTest" duration-ms="1804" started-at="2020-01-27T23:41:42Z" data-provider="dp" finished-at="2020-01-27T23:41:44Z">
          <params>
            <param index="0">
              <value>
                <![CDATA[dd new]]>
              </value>
            </param>
            <param index="1">
              <value>
                <![CDATA[Rupee]]>
              </value>
            </param>
          </params>
          <reporter-output>
          </reporter-output>
        </test-method> <!-- openAccountTest -->
      </class> <!-- com.rajat.Testcases.OpenAccountTest -->
    </test> <!-- OpenCustomer -->
    <test name="AddNewCustomer" duration-ms="2791" started-at="2020-01-27T18:11:44Z" finished-at="2020-01-27T18:11:47Z">
      <class name="com.rajat.Testcases.AddNewCustomerTest">
        <test-method status="PASS" signature="setUp()[pri:0, instance:com.rajat.Testcases.AddNewCustomerTest@77888435]" name="setUp" is-config="true" duration-ms="9866" started-at="2020-01-27T23:41:30Z" finished-at="2020-01-27T23:41:39Z">
          <reporter-output>
          </reporter-output>
        </test-method> <!-- setUp -->
        <test-method status="PASS" signature="beforeClass()[pri:0, instance:com.rajat.Testcases.AddNewCustomerTest@77888435]" name="beforeClass" is-config="true" duration-ms="0" started-at="2020-01-27T23:41:44Z" finished-at="2020-01-27T23:41:44Z">
          <reporter-output>
          </reporter-output>
        </test-method> <!-- beforeClass -->
        <test-method status="PASS" signature="beforeMethod(java.lang.reflect.Method)[pri:0, instance:com.rajat.Testcases.AddNewCustomerTest@77888435]" name="beforeMethod" is-config="true" duration-ms="1" started-at="2020-01-27T23:41:44Z" finished-at="2020-01-27T23:41:44Z">
          <params>
            <param index="0">
              <value>
                <![CDATA[public void com.rajat.Testcases.AddNewCustomerTest.addNewCustomerTest(java.util.Hashtable)]]>
              </value>
            </param>
          </params>
          <reporter-output>
          </reporter-output>
        </test-method> <!-- beforeMethod -->
        <test-method status="PASS" signature="addNewCustomerTest(java.util.Hashtable)[pri:0, instance:com.rajat.Testcases.AddNewCustomerTest@77888435]" name="addNewCustomerTest" duration-ms="287" started-at="2020-01-27T23:41:44Z" data-provider="dph" finished-at="2020-01-27T23:41:44Z">
          <params>
            <param index="0">
              <value>
                <![CDATA[{postCode=201301.0, last_name=khan, first_name=tt, runmode=Y, alert=Customer added successfully}]]>
              </value>
            </param>
          </params>
          <reporter-output>
          </reporter-output>
        </test-method> <!-- addNewCustomerTest -->
        <test-method status="PASS" signature="beforeMethod(java.lang.reflect.Method)[pri:0, instance:com.rajat.Testcases.AddNewCustomerTest@77888435]" name="beforeMethod" is-config="true" duration-ms="1" started-at="2020-01-27T23:41:44Z" finished-at="2020-01-27T23:41:44Z">
          <params>
            <param index="0">
              <value>
                <![CDATA[public void com.rajat.Testcases.AddNewCustomerTest.addNewCustomerTest(java.util.Hashtable)]]>
              </value>
            </param>
          </params>
          <reporter-output>
          </reporter-output>
        </test-method> <!-- beforeMethod -->
        <test-method status="PASS" signature="addNewCustomerTest(java.util.Hashtable)[pri:0, instance:com.rajat.Testcases.AddNewCustomerTest@77888435]" name="addNewCustomerTest" duration-ms="646" started-at="2020-01-27T23:41:44Z" data-provider="dph" finished-at="2020-01-27T23:41:45Z">
          <params>
            <param index="0">
              <value>
                <![CDATA[{postCode=201302.0, last_name=khan, first_name=ww, runmode=Y, alert=Customer added successfully}]]>
              </value>
            </param>
          </params>
          <reporter-output>
          </reporter-output>
        </test-method> <!-- addNewCustomerTest -->
        <test-method status="PASS" signature="addNewCustomerTest(java.util.Hashtable)[pri:0, instance:com.rajat.Testcases.AddNewCustomerTest@77888435]" name="addNewCustomerTest" duration-ms="432" started-at="2020-01-27T23:41:45Z" data-provider="dph" finished-at="2020-01-27T23:41:45Z">
          <params>
            <param index="0">
              <value>
                <![CDATA[{postCode=201303.0, last_name=khan, first_name=qq, runmode=Y, alert=Customer added successfully}]]>
              </value>
            </param>
          </params>
          <reporter-output>
          </reporter-output>
        </test-method> <!-- addNewCustomerTest -->
        <test-method status="PASS" signature="beforeMethod(java.lang.reflect.Method)[pri:0, instance:com.rajat.Testcases.AddNewCustomerTest@77888435]" name="beforeMethod" is-config="true" duration-ms="0" started-at="2020-01-27T23:41:45Z" finished-at="2020-01-27T23:41:45Z">
          <params>
            <param index="0">
              <value>
                <![CDATA[public void com.rajat.Testcases.AddNewCustomerTest.addNewCustomerTest(java.util.Hashtable)]]>
              </value>
            </param>
          </params>
          <reporter-output>
          </reporter-output>
        </test-method> <!-- beforeMethod -->
        <test-method status="PASS" signature="beforeMethod(java.lang.reflect.Method)[pri:0, instance:com.rajat.Testcases.AddNewCustomerTest@77888435]" name="beforeMethod" is-config="true" duration-ms="0" started-at="2020-01-27T23:41:45Z" finished-at="2020-01-27T23:41:45Z">
          <params>
            <param index="0">
              <value>
                <![CDATA[public void com.rajat.Testcases.AddNewCustomerTest.addNewCustomerTest(java.util.Hashtable)]]>
              </value>
            </param>
          </params>
          <reporter-output>
          </reporter-output>
        </test-method> <!-- beforeMethod -->
        <test-method status="PASS" signature="addNewCustomerTest(java.util.Hashtable)[pri:0, instance:com.rajat.Testcases.AddNewCustomerTest@77888435]" name="addNewCustomerTest" duration-ms="467" started-at="2020-01-27T23:41:45Z" data-provider="dph" finished-at="2020-01-27T23:41:46Z">
          <params>
            <param index="0">
              <value>
                <![CDATA[{postCode=201304.0, last_name=khan, first_name=tt, runmode=Y, alert=Customer added successfully}]]>
              </value>
            </param>
          </params>
          <reporter-output>
          </reporter-output>
        </test-method> <!-- addNewCustomerTest -->
        <test-method status="PASS" signature="beforeMethod(java.lang.reflect.Method)[pri:0, instance:com.rajat.Testcases.AddNewCustomerTest@77888435]" name="beforeMethod" is-config="true" duration-ms="1" started-at="2020-01-27T23:41:46Z" finished-at="2020-01-27T23:41:46Z">
          <params>
            <param index="0">
              <value>
                <![CDATA[public void com.rajat.Testcases.AddNewCustomerTest.addNewCustomerTest(java.util.Hashtable)]]>
              </value>
            </param>
          </params>
          <reporter-output>
          </reporter-output>
        </test-method> <!-- beforeMethod -->
        <test-method status="PASS" signature="addNewCustomerTest(java.util.Hashtable)[pri:0, instance:com.rajat.Testcases.AddNewCustomerTest@77888435]" name="addNewCustomerTest" duration-ms="515" started-at="2020-01-27T23:41:46Z" data-provider="dph" finished-at="2020-01-27T23:41:46Z">
          <params>
            <param index="0">
              <value>
                <![CDATA[{postCode=201304.0, last_name=khan, first_name=uu, runmode=Y, alert=Customer added successfully}]]>
              </value>
            </param>
          </params>
          <reporter-output>
          </reporter-output>
        </test-method> <!-- addNewCustomerTest -->
        <test-method status="PASS" signature="beforeMethod(java.lang.reflect.Method)[pri:0, instance:com.rajat.Testcases.AddNewCustomerTest@77888435]" name="beforeMethod" is-config="true" duration-ms="1" started-at="2020-01-27T23:41:46Z" finished-at="2020-01-27T23:41:46Z">
          <params>
            <param index="0">
              <value>
                <![CDATA[public void com.rajat.Testcases.AddNewCustomerTest.addNewCustomerTest(java.util.Hashtable)]]>
              </value>
            </param>
          </params>
          <reporter-output>
          </reporter-output>
        </test-method> <!-- beforeMethod -->
        <test-method status="PASS" signature="addNewCustomerTest(java.util.Hashtable)[pri:0, instance:com.rajat.Testcases.AddNewCustomerTest@77888435]" name="addNewCustomerTest" duration-ms="432" started-at="2020-01-27T23:41:46Z" data-provider="dph" finished-at="2020-01-27T23:41:47Z">
          <params>
            <param index="0">
              <value>
                <![CDATA[{postCode=201304.0, last_name=khan, first_name=dd, runmode=Y, alert=Customer added successfully}]]>
              </value>
            </param>
          </params>
          <reporter-output>
          </reporter-output>
        </test-method> <!-- addNewCustomerTest -->
        <test-method status="PASS" signature="tearDown()[pri:0, instance:com.rajat.Testcases.AddNewCustomerTest@77888435]" name="tearDown" is-config="true" duration-ms="3059" started-at="2020-01-27T23:41:47Z" finished-at="2020-01-27T23:41:50Z">
          <reporter-output>
          </reporter-output>
        </test-method> <!-- tearDown -->
      </class> <!-- com.rajat.Testcases.AddNewCustomerTest -->
    </test> <!-- AddNewCustomer -->
  </suite> <!-- DataDriverFramework -->
</testng-results>
